================================================================================
EXPLORATORY DATA ANALYSIS LOG
================================================================================
Timestamp: 2025-12-25 00:05:53

--------------------------------------------------------------------------------
DATASET SUMMARY
--------------------------------------------------------------------------------
Total sequences: 239,637
Total patients: 34
Unique V genes: 50
Unique J genes: 13

--------------------------------------------------------------------------------
SEQUENCE LENGTH STATISTICS
--------------------------------------------------------------------------------
Mean: 14.46 aa
Median: 14 aa
Std: 1.79
Min: 5 aa
Max: 65 aa

--------------------------------------------------------------------------------
RESPONSE DISTRIBUTION
--------------------------------------------------------------------------------
Responders: 18 patients (900.0%)
Non-Responders: 16 patients (800.0%)

--------------------------------------------------------------------------------
REPERTOIRE SIZE STATISTICS
--------------------------------------------------------------------------------
Responders - Mean: 7,274, Median: 7,691
Non-Responders - Mean: 6,795, Median: 6,635

--------------------------------------------------------------------------------
FIGURES GENERATED
--------------------------------------------------------------------------------
1. top10_v_genes.png
2. sequence_length_distribution.png
3. length_hist_by_response.png
4. response_pie.png
5. repertoire_size_by_response.png

--------------------------------------------------------------------------------
FILES CREATED
--------------------------------------------------------------------------------
Patient summary: /lambda/nfs/datasetmedgemma/lambda_deepTCR_deployement/results/patient_summary_all.csv
