================================================================================
DEEPTCR MONTE CARLO TRAINING LOG
================================================================================
Training started: 2025-12-25 01:53:04
Training completed: 2025-12-25 02:28:24
Total duration: 0:35:19.794764

--------------------------------------------------------------------------------
CONFIGURATION
--------------------------------------------------------------------------------
Folds: 100
Test size: 0.25
Epochs (min): 10
Batch size: 1024
Network size: large
Use genes: True

--------------------------------------------------------------------------------
DATA
--------------------------------------------------------------------------------
Total sequences: 239,634
Unique patients: 34
Responders: 130923
Non-Responders: 108711

--------------------------------------------------------------------------------
RESULTS
--------------------------------------------------------------------------------

Results directory: /lambda/nfs/datasetmedgemma/lambda_deepTCR_deployement/models/DeepTCR_MonteCarlo_100folds_20251225_015301
